<?xml version="1.0" encoding="UTF-8"?>
<!-- Generated by org.testng.reporters.JUnitReportReporter -->
<testsuite skipped="0" hostname="INENKUMARSL15C" name="demo.PayloadReadingByFile" tests="1" failures="0" timestamp="16 Oct 2020 20:38:27 GMT" time="3.279" errors="0">
  <testcase name="ReadPayloadFromFile" time="3.279" classname="demo.PayloadReadingByFile"/>
</testsuite> <!-- demo.PayloadReadingByFile -->
