<?xml version="1.0" encoding="UTF-8"?>
<!-- Generated by org.testng.reporters.JUnitReportReporter -->
<testsuite skipped="0" hostname="INENKUMARSL15C" name="demo.DynamicJson" tests="4" failures="0" timestamp="16 Oct 2020 20:09:39 GMT" time="3.192" errors="0">
  <testcase name="addBook" time="0.152" classname="demo.DynamicJson"/>
  <testcase name="addBook" time="2.712" classname="demo.DynamicJson"/>
  <testcase name="addBook" time="0.164" classname="demo.DynamicJson"/>
  <testcase name="addBook" time="0.164" classname="demo.DynamicJson"/>
</testsuite> <!-- demo.DynamicJson -->
