<?xml version="1.0" encoding="UTF-8"?>
<!-- Generated by org.testng.reporters.JUnitReportReporter -->
<testsuite skipped="0" hostname="INENKUMARSL15C" name="demo.VerifySumOfAmount" tests="1" failures="0" timestamp="14 Oct 2020 19:16:16 GMT" time="1.131" errors="0">
  <testcase name="SumOfAmount" time="1.131" classname="demo.VerifySumOfAmount"/>
</testsuite> <!-- demo.VerifySumOfAmount -->
